CRITICAL - 2025-05-06 12:18:25 --> CodeIgniter\View\Exceptions\ViewException: Invalid file: "home/beranda.php"
[Method: GET, Route: /]
in SYSTEMPATH\Exceptions\FrameworkException.php on line 39.
 1 SYSTEMPATH\View\View.php(212): CodeIgniter\Exceptions\FrameworkException::forInvalidFile('home/beranda.php')
 2 SYSTEMPATH\Common.php(1173): CodeIgniter\View\View->render('home/beranda', [], true)
 3 APPPATH\Controllers\Home.php(19): view('home/beranda', [...])
 4 SYSTEMPATH\CodeIgniter.php(933): App\Controllers\Home->index()
 5 SYSTEMPATH\CodeIgniter.php(507): CodeIgniter\CodeIgniter->runController(Object(App\Controllers\Home))
 6 SYSTEMPATH\CodeIgniter.php(354): CodeIgniter\CodeIgniter->handleRequest(null, Object(Config\Cache), false)
 7 SYSTEMPATH\Boot.php(334): CodeIgniter\CodeIgniter->run()
 8 SYSTEMPATH\Boot.php(67): CodeIgniter\Boot::runCodeIgniter(Object(CodeIgniter\CodeIgniter))
 9 FCPATH\index.php(59): CodeIgniter\Boot::bootWeb(Object(Config\Paths))
CRITICAL - 2025-05-06 12:20:06 --> CodeIgniter\View\Exceptions\ViewException: Invalid file: "home/beranda.php"
[Method: GET, Route: /]
in SYSTEMPATH\Exceptions\FrameworkException.php on line 39.
 1 SYSTEMPATH\View\View.php(212): CodeIgniter\Exceptions\FrameworkException::forInvalidFile('home/beranda.php')
 2 SYSTEMPATH\Common.php(1173): CodeIgniter\View\View->render('home/beranda', [], true)
 3 APPPATH\Controllers\Home.php(19): view('home/beranda', [...])
 4 SYSTEMPATH\CodeIgniter.php(933): App\Controllers\Home->index()
 5 SYSTEMPATH\CodeIgniter.php(507): CodeIgniter\CodeIgniter->runController(Object(App\Controllers\Home))
 6 SYSTEMPATH\CodeIgniter.php(354): CodeIgniter\CodeIgniter->handleRequest(null, Object(Config\Cache), false)
 7 SYSTEMPATH\Boot.php(334): CodeIgniter\CodeIgniter->run()
 8 SYSTEMPATH\Boot.php(67): CodeIgniter\Boot::runCodeIgniter(Object(CodeIgniter\CodeIgniter))
 9 FCPATH\index.php(59): CodeIgniter\Boot::bootWeb(Object(Config\Paths))
CRITICAL - 2025-05-06 12:22:58 --> CodeIgniter\View\Exceptions\ViewException: Invalid file: "home/beranda.php"
[Method: GET, Route: /]
in SYSTEMPATH\Exceptions\FrameworkException.php on line 39.
 1 SYSTEMPATH\View\View.php(212): CodeIgniter\Exceptions\FrameworkException::forInvalidFile('home/beranda.php')
 2 SYSTEMPATH\Common.php(1173): CodeIgniter\View\View->render('home/beranda', [], true)
 3 APPPATH\Controllers\Home.php(9): view('home/beranda')
 4 SYSTEMPATH\CodeIgniter.php(933): App\Controllers\Home->index()
 5 SYSTEMPATH\CodeIgniter.php(507): CodeIgniter\CodeIgniter->runController(Object(App\Controllers\Home))
 6 SYSTEMPATH\CodeIgniter.php(354): CodeIgniter\CodeIgniter->handleRequest(null, Object(Config\Cache), false)
 7 SYSTEMPATH\Boot.php(334): CodeIgniter\CodeIgniter->run()
 8 SYSTEMPATH\Boot.php(67): CodeIgniter\Boot::runCodeIgniter(Object(CodeIgniter\CodeIgniter))
 9 FCPATH\index.php(59): CodeIgniter\Boot::bootWeb(Object(Config\Paths))
CRITICAL - 2025-05-06 12:23:11 --> CodeIgniter\View\Exceptions\ViewException: Invalid file: "home/beranda.php"
[Method: GET, Route: /]
in SYSTEMPATH\Exceptions\FrameworkException.php on line 39.
 1 SYSTEMPATH\View\View.php(212): CodeIgniter\Exceptions\FrameworkException::forInvalidFile('home/beranda.php')
 2 SYSTEMPATH\Common.php(1173): CodeIgniter\View\View->render('home/beranda', [], true)
 3 APPPATH\Controllers\Home.php(9): view('home/beranda')
 4 SYSTEMPATH\CodeIgniter.php(933): App\Controllers\Home->index()
 5 SYSTEMPATH\CodeIgniter.php(507): CodeIgniter\CodeIgniter->runController(Object(App\Controllers\Home))
 6 SYSTEMPATH\CodeIgniter.php(354): CodeIgniter\CodeIgniter->handleRequest(null, Object(Config\Cache), false)
 7 SYSTEMPATH\Boot.php(334): CodeIgniter\CodeIgniter->run()
 8 SYSTEMPATH\Boot.php(67): CodeIgniter\Boot::runCodeIgniter(Object(CodeIgniter\CodeIgniter))
 9 FCPATH\index.php(59): CodeIgniter\Boot::bootWeb(Object(Config\Paths))
CRITICAL - 2025-05-06 12:35:07 --> CodeIgniter\View\Exceptions\ViewException: Invalid file: "home/beranda.php"
[Method: GET, Route: /]
in SYSTEMPATH\Exceptions\FrameworkException.php on line 39.
 1 SYSTEMPATH\View\View.php(212): CodeIgniter\Exceptions\FrameworkException::forInvalidFile('home/beranda.php')
 2 SYSTEMPATH\Common.php(1173): CodeIgniter\View\View->render('home/beranda', [], true)
 3 APPPATH\Controllers\Home.php(9): view('home/beranda')
 4 SYSTEMPATH\CodeIgniter.php(933): App\Controllers\Home->index()
 5 SYSTEMPATH\CodeIgniter.php(507): CodeIgniter\CodeIgniter->runController(Object(App\Controllers\Home))
 6 SYSTEMPATH\CodeIgniter.php(354): CodeIgniter\CodeIgniter->handleRequest(null, Object(Config\Cache), false)
 7 SYSTEMPATH\Boot.php(334): CodeIgniter\CodeIgniter->run()
 8 SYSTEMPATH\Boot.php(67): CodeIgniter\Boot::runCodeIgniter(Object(CodeIgniter\CodeIgniter))
 9 FCPATH\index.php(59): CodeIgniter\Boot::bootWeb(Object(Config\Paths))
CRITICAL - 2025-05-06 12:35:20 --> CodeIgniter\View\Exceptions\ViewException: Invalid file: "home/profil.php"
[Method: GET, Route: home/profil]
in SYSTEMPATH\Exceptions\FrameworkException.php on line 39.
 1 SYSTEMPATH\View\View.php(212): CodeIgniter\Exceptions\FrameworkException::forInvalidFile('home/profil.php')
 2 SYSTEMPATH\Common.php(1173): CodeIgniter\View\View->render('home/profil', [], true)
 3 APPPATH\Controllers\Home.php(14): view('home/profil')
 4 SYSTEMPATH\CodeIgniter.php(933): App\Controllers\Home->profil()
 5 SYSTEMPATH\CodeIgniter.php(507): CodeIgniter\CodeIgniter->runController(Object(App\Controllers\Home))
 6 SYSTEMPATH\CodeIgniter.php(354): CodeIgniter\CodeIgniter->handleRequest(null, Object(Config\Cache), false)
 7 SYSTEMPATH\Boot.php(334): CodeIgniter\CodeIgniter->run()
 8 SYSTEMPATH\Boot.php(67): CodeIgniter\Boot::runCodeIgniter(Object(CodeIgniter\CodeIgniter))
 9 FCPATH\index.php(59): CodeIgniter\Boot::bootWeb(Object(Config\Paths))
CRITICAL - 2025-05-06 12:42:13 --> ErrorException: Undefined variable $praktikan
[Method: GET, Route: /]
in APPPATH\Views\home\beranda.php on line 12.
 1 APPPATH\Views\home\beranda.php(12): CodeIgniter\Debug\Exceptions->errorHandler(2, 'Undefined variable $praktikan', 'C:\\xampp\\htdocs\\profil_dina\\app\\Views\\home\\beranda.php', 12)
 2 SYSTEMPATH\View\View.php(224): include('C:\\xampp\\htdocs\\profil_dina\\app\\Views\\home\\beranda.php')
 3 SYSTEMPATH\View\View.php(227): CodeIgniter\View\View->CodeIgniter\View\{closure}()
 4 SYSTEMPATH\Common.php(1173): CodeIgniter\View\View->render('home/beranda', [], true)
 5 APPPATH\Controllers\Home.php(15): view('home/beranda', [...])
 6 SYSTEMPATH\CodeIgniter.php(933): App\Controllers\Home->index()
 7 SYSTEMPATH\CodeIgniter.php(507): CodeIgniter\CodeIgniter->runController(Object(App\Controllers\Home))
 8 SYSTEMPATH\CodeIgniter.php(354): CodeIgniter\CodeIgniter->handleRequest(null, Object(Config\Cache), false)
 9 SYSTEMPATH\Boot.php(334): CodeIgniter\CodeIgniter->run()
10 SYSTEMPATH\Boot.php(67): CodeIgniter\Boot::runCodeIgniter(Object(CodeIgniter\CodeIgniter))
11 FCPATH\index.php(59): CodeIgniter\Boot::bootWeb(Object(Config\Paths))
CRITICAL - 2025-05-06 12:45:30 --> ErrorException: Undefined variable $gambar
[Method: GET, Route: home/profil]
in APPPATH\Views\home\profil.php on line 2.
 1 APPPATH\Views\home\profil.php(2): CodeIgniter\Debug\Exceptions->errorHandler(2, 'Undefined variable $gambar', 'C:\\xampp\\htdocs\\profil_dina\\app\\Views\\home\\profil.php', 2)
 2 SYSTEMPATH\View\View.php(224): include('C:\\xampp\\htdocs\\profil_dina\\app\\Views\\home\\profil.php')
 3 SYSTEMPATH\View\View.php(227): CodeIgniter\View\View->CodeIgniter\View\{closure}()
 4 SYSTEMPATH\Common.php(1173): CodeIgniter\View\View->render('home/profil', [], true)
 5 APPPATH\Controllers\Home.php(19): view('home/profil')
 6 SYSTEMPATH\CodeIgniter.php(933): App\Controllers\Home->profil()
 7 SYSTEMPATH\CodeIgniter.php(507): CodeIgniter\CodeIgniter->runController(Object(App\Controllers\Home))
 8 SYSTEMPATH\CodeIgniter.php(354): CodeIgniter\CodeIgniter->handleRequest(null, Object(Config\Cache), false)
 9 SYSTEMPATH\Boot.php(334): CodeIgniter\CodeIgniter->run()
10 SYSTEMPATH\Boot.php(67): CodeIgniter\Boot::runCodeIgniter(Object(CodeIgniter\CodeIgniter))
11 FCPATH\index.php(59): CodeIgniter\Boot::bootWeb(Object(Config\Paths))
CRITICAL - 2025-05-06 13:34:48 --> ErrorException: Undefined variable $skill
[Method: GET, Route: home/profil]
in APPPATH\Views\home\profil.php on line 10.
 1 APPPATH\Views\home\profil.php(10): CodeIgniter\Debug\Exceptions->errorHandler(2, 'Undefined variable $skill', 'C:\\xampp\\htdocs\\profil_dina\\app\\Views\\home\\profil.php', 10)
 2 SYSTEMPATH\View\View.php(224): include('C:\\xampp\\htdocs\\profil_dina\\app\\Views\\home\\profil.php')
 3 SYSTEMPATH\View\View.php(227): CodeIgniter\View\View->CodeIgniter\View\{closure}()
 4 SYSTEMPATH\Common.php(1173): CodeIgniter\View\View->render('home/profil', [], true)
 5 APPPATH\Controllers\Home.php(22): view('home/profil', [...])
 6 SYSTEMPATH\CodeIgniter.php(933): App\Controllers\Home->profil()
 7 SYSTEMPATH\CodeIgniter.php(507): CodeIgniter\CodeIgniter->runController(Object(App\Controllers\Home))
 8 SYSTEMPATH\CodeIgniter.php(354): CodeIgniter\CodeIgniter->handleRequest(null, Object(Config\Cache), false)
 9 SYSTEMPATH\Boot.php(334): CodeIgniter\CodeIgniter->run()
10 SYSTEMPATH\Boot.php(67): CodeIgniter\Boot::runCodeIgniter(Object(CodeIgniter\CodeIgniter))
11 FCPATH\index.php(59): CodeIgniter\Boot::bootWeb(Object(Config\Paths))
CRITICAL - 2025-05-06 13:35:17 --> ErrorException: Undefined variable $skill
[Method: GET, Route: home/profil]
in APPPATH\Views\home\profil.php on line 10.
 1 APPPATH\Views\home\profil.php(10): CodeIgniter\Debug\Exceptions->errorHandler(2, 'Undefined variable $skill', 'C:\\xampp\\htdocs\\profil_dina\\app\\Views\\home\\profil.php', 10)
 2 SYSTEMPATH\View\View.php(224): include('C:\\xampp\\htdocs\\profil_dina\\app\\Views\\home\\profil.php')
 3 SYSTEMPATH\View\View.php(227): CodeIgniter\View\View->CodeIgniter\View\{closure}()
 4 SYSTEMPATH\Common.php(1173): CodeIgniter\View\View->render('home/profil', [], true)
 5 APPPATH\Controllers\Home.php(22): view('home/profil', [...])
 6 SYSTEMPATH\CodeIgniter.php(933): App\Controllers\Home->profil()
 7 SYSTEMPATH\CodeIgniter.php(507): CodeIgniter\CodeIgniter->runController(Object(App\Controllers\Home))
 8 SYSTEMPATH\CodeIgniter.php(354): CodeIgniter\CodeIgniter->handleRequest(null, Object(Config\Cache), false)
 9 SYSTEMPATH\Boot.php(334): CodeIgniter\CodeIgniter->run()
10 SYSTEMPATH\Boot.php(67): CodeIgniter\Boot::runCodeIgniter(Object(CodeIgniter\CodeIgniter))
11 FCPATH\index.php(59): CodeIgniter\Boot::bootWeb(Object(Config\Paths))
CRITICAL - 2025-05-06 13:35:32 --> ErrorException: Undefined variable $skill
[Method: GET, Route: home/profil]
in APPPATH\Views\home\profil.php on line 10.
 1 APPPATH\Views\home\profil.php(10): CodeIgniter\Debug\Exceptions->errorHandler(2, 'Undefined variable $skill', 'C:\\xampp\\htdocs\\profil_dina\\app\\Views\\home\\profil.php', 10)
 2 SYSTEMPATH\View\View.php(224): include('C:\\xampp\\htdocs\\profil_dina\\app\\Views\\home\\profil.php')
 3 SYSTEMPATH\View\View.php(227): CodeIgniter\View\View->CodeIgniter\View\{closure}()
 4 SYSTEMPATH\Common.php(1173): CodeIgniter\View\View->render('home/profil', [], true)
 5 APPPATH\Controllers\Home.php(22): view('home/profil', [...])
 6 SYSTEMPATH\CodeIgniter.php(933): App\Controllers\Home->profil()
 7 SYSTEMPATH\CodeIgniter.php(507): CodeIgniter\CodeIgniter->runController(Object(App\Controllers\Home))
 8 SYSTEMPATH\CodeIgniter.php(354): CodeIgniter\CodeIgniter->handleRequest(null, Object(Config\Cache), false)
 9 SYSTEMPATH\Boot.php(334): CodeIgniter\CodeIgniter->run()
10 SYSTEMPATH\Boot.php(67): CodeIgniter\Boot::runCodeIgniter(Object(CodeIgniter\CodeIgniter))
11 FCPATH\index.php(59): CodeIgniter\Boot::bootWeb(Object(Config\Paths))
CRITICAL - 2025-05-06 13:40:58 --> ErrorException: Undefined variable $skill
[Method: GET, Route: home/profil]
in APPPATH\Views\home\profil.php on line 10.
 1 APPPATH\Views\home\profil.php(10): CodeIgniter\Debug\Exceptions->errorHandler(2, 'Undefined variable $skill', 'C:\\xampp\\htdocs\\profil_dina\\app\\Views\\home\\profil.php', 10)
 2 SYSTEMPATH\View\View.php(224): include('C:\\xampp\\htdocs\\profil_dina\\app\\Views\\home\\profil.php')
 3 SYSTEMPATH\View\View.php(227): CodeIgniter\View\View->CodeIgniter\View\{closure}()
 4 SYSTEMPATH\Common.php(1173): CodeIgniter\View\View->render('home/profil', [], true)
 5 APPPATH\Controllers\Home.php(22): view('home/profil', [...])
 6 SYSTEMPATH\CodeIgniter.php(933): App\Controllers\Home->profil()
 7 SYSTEMPATH\CodeIgniter.php(507): CodeIgniter\CodeIgniter->runController(Object(App\Controllers\Home))
 8 SYSTEMPATH\CodeIgniter.php(354): CodeIgniter\CodeIgniter->handleRequest(null, Object(Config\Cache), false)
 9 SYSTEMPATH\Boot.php(334): CodeIgniter\CodeIgniter->run()
10 SYSTEMPATH\Boot.php(67): CodeIgniter\Boot::runCodeIgniter(Object(CodeIgniter\CodeIgniter))
11 FCPATH\index.php(59): CodeIgniter\Boot::bootWeb(Object(Config\Paths))
CRITICAL - 2025-05-06 13:40:59 --> ErrorException: Undefined variable $skill
[Method: GET, Route: home/profil]
in APPPATH\Views\home\profil.php on line 10.
 1 APPPATH\Views\home\profil.php(10): CodeIgniter\Debug\Exceptions->errorHandler(2, 'Undefined variable $skill', 'C:\\xampp\\htdocs\\profil_dina\\app\\Views\\home\\profil.php', 10)
 2 SYSTEMPATH\View\View.php(224): include('C:\\xampp\\htdocs\\profil_dina\\app\\Views\\home\\profil.php')
 3 SYSTEMPATH\View\View.php(227): CodeIgniter\View\View->CodeIgniter\View\{closure}()
 4 SYSTEMPATH\Common.php(1173): CodeIgniter\View\View->render('home/profil', [], true)
 5 APPPATH\Controllers\Home.php(22): view('home/profil', [...])
 6 SYSTEMPATH\CodeIgniter.php(933): App\Controllers\Home->profil()
 7 SYSTEMPATH\CodeIgniter.php(507): CodeIgniter\CodeIgniter->runController(Object(App\Controllers\Home))
 8 SYSTEMPATH\CodeIgniter.php(354): CodeIgniter\CodeIgniter->handleRequest(null, Object(Config\Cache), false)
 9 SYSTEMPATH\Boot.php(334): CodeIgniter\CodeIgniter->run()
10 SYSTEMPATH\Boot.php(67): CodeIgniter\Boot::runCodeIgniter(Object(CodeIgniter\CodeIgniter))
11 FCPATH\index.php(59): CodeIgniter\Boot::bootWeb(Object(Config\Paths))
CRITICAL - 2025-05-06 13:42:38 --> ErrorException: Undefined variable $skill
[Method: GET, Route: home/profil]
in APPPATH\Views\home\profil.php on line 10.
 1 APPPATH\Views\home\profil.php(10): CodeIgniter\Debug\Exceptions->errorHandler(2, 'Undefined variable $skill', 'C:\\xampp\\htdocs\\profil_dina\\app\\Views\\home\\profil.php', 10)
 2 SYSTEMPATH\View\View.php(224): include('C:\\xampp\\htdocs\\profil_dina\\app\\Views\\home\\profil.php')
 3 SYSTEMPATH\View\View.php(227): CodeIgniter\View\View->CodeIgniter\View\{closure}()
 4 SYSTEMPATH\Common.php(1173): CodeIgniter\View\View->render('home/profil', [], true)
 5 APPPATH\Controllers\Home.php(22): view('home/profil', [...])
 6 SYSTEMPATH\CodeIgniter.php(933): App\Controllers\Home->profil()
 7 SYSTEMPATH\CodeIgniter.php(507): CodeIgniter\CodeIgniter->runController(Object(App\Controllers\Home))
 8 SYSTEMPATH\CodeIgniter.php(354): CodeIgniter\CodeIgniter->handleRequest(null, Object(Config\Cache), false)
 9 SYSTEMPATH\Boot.php(334): CodeIgniter\CodeIgniter->run()
10 SYSTEMPATH\Boot.php(67): CodeIgniter\Boot::runCodeIgniter(Object(CodeIgniter\CodeIgniter))
11 FCPATH\index.php(59): CodeIgniter\Boot::bootWeb(Object(Config\Paths))
CRITICAL - 2025-05-06 13:43:21 --> ErrorException: Undefined variable $mahasiswa
[Method: GET, Route: home/profil]
in APPPATH\Views\home\profil.php on line 16.
 1 APPPATH\Views\home\profil.php(16): CodeIgniter\Debug\Exceptions->errorHandler(2, 'Undefined variable $mahasiswa', 'C:\\xampp\\htdocs\\profil_dina\\app\\Views\\home\\profil.php', 16)
 2 SYSTEMPATH\View\View.php(224): include('C:\\xampp\\htdocs\\profil_dina\\app\\Views\\home\\profil.php')
 3 SYSTEMPATH\View\View.php(227): CodeIgniter\View\View->CodeIgniter\View\{closure}()
 4 SYSTEMPATH\Common.php(1173): CodeIgniter\View\View->render('home/profil', [], true)
 5 APPPATH\Controllers\Home.php(22): view('home/profil', [...])
 6 SYSTEMPATH\CodeIgniter.php(933): App\Controllers\Home->profil()
 7 SYSTEMPATH\CodeIgniter.php(507): CodeIgniter\CodeIgniter->runController(Object(App\Controllers\Home))
 8 SYSTEMPATH\CodeIgniter.php(354): CodeIgniter\CodeIgniter->handleRequest(null, Object(Config\Cache), false)
 9 SYSTEMPATH\Boot.php(334): CodeIgniter\CodeIgniter->run()
10 SYSTEMPATH\Boot.php(67): CodeIgniter\Boot::runCodeIgniter(Object(CodeIgniter\CodeIgniter))
11 FCPATH\index.php(59): CodeIgniter\Boot::bootWeb(Object(Config\Paths))
CRITICAL - 2025-05-06 13:47:05 --> ErrorException: Undefined variable $mahasiswa
[Method: GET, Route: home/profil]
in APPPATH\Views\home\profil.php on line 16.
 1 APPPATH\Views\home\profil.php(16): CodeIgniter\Debug\Exceptions->errorHandler(2, 'Undefined variable $mahasiswa', 'C:\\xampp\\htdocs\\profil_dina\\app\\Views\\home\\profil.php', 16)
 2 SYSTEMPATH\View\View.php(224): include('C:\\xampp\\htdocs\\profil_dina\\app\\Views\\home\\profil.php')
 3 SYSTEMPATH\View\View.php(227): CodeIgniter\View\View->CodeIgniter\View\{closure}()
 4 SYSTEMPATH\Common.php(1173): CodeIgniter\View\View->render('home/profil', [], true)
 5 APPPATH\Controllers\Home.php(22): view('home/profil', [...])
 6 SYSTEMPATH\CodeIgniter.php(933): App\Controllers\Home->profil()
 7 SYSTEMPATH\CodeIgniter.php(507): CodeIgniter\CodeIgniter->runController(Object(App\Controllers\Home))
 8 SYSTEMPATH\CodeIgniter.php(354): CodeIgniter\CodeIgniter->handleRequest(null, Object(Config\Cache), false)
 9 SYSTEMPATH\Boot.php(334): CodeIgniter\CodeIgniter->run()
10 SYSTEMPATH\Boot.php(67): CodeIgniter\Boot::runCodeIgniter(Object(CodeIgniter\CodeIgniter))
11 FCPATH\index.php(59): CodeIgniter\Boot::bootWeb(Object(Config\Paths))
CRITICAL - 2025-05-06 13:49:13 --> ErrorException: Undefined array key "skill"
[Method: GET, Route: home/profil]
in APPPATH\Views\home\profil.php on line 23.
 1 APPPATH\Views\home\profil.php(23): CodeIgniter\Debug\Exceptions->errorHandler(2, 'Undefined array key "skill"', 'C:\\xampp\\htdocs\\profil_dina\\app\\Views\\home\\profil.php', 23)
 2 SYSTEMPATH\View\View.php(224): include('C:\\xampp\\htdocs\\profil_dina\\app\\Views\\home\\profil.php')
 3 SYSTEMPATH\View\View.php(227): CodeIgniter\View\View->CodeIgniter\View\{closure}()
 4 SYSTEMPATH\Common.php(1173): CodeIgniter\View\View->render('home/profil', [], true)
 5 APPPATH\Controllers\Home.php(22): view('home/profil', [...])
 6 SYSTEMPATH\CodeIgniter.php(933): App\Controllers\Home->profil()
 7 SYSTEMPATH\CodeIgniter.php(507): CodeIgniter\CodeIgniter->runController(Object(App\Controllers\Home))
 8 SYSTEMPATH\CodeIgniter.php(354): CodeIgniter\CodeIgniter->handleRequest(null, Object(Config\Cache), false)
 9 SYSTEMPATH\Boot.php(334): CodeIgniter\CodeIgniter->run()
10 SYSTEMPATH\Boot.php(67): CodeIgniter\Boot::runCodeIgniter(Object(CodeIgniter\CodeIgniter))
11 FCPATH\index.php(59): CodeIgniter\Boot::bootWeb(Object(Config\Paths))
CRITICAL - 2025-05-06 13:49:15 --> ErrorException: Undefined array key "skill"
[Method: GET, Route: home/profil]
in APPPATH\Views\home\profil.php on line 23.
 1 APPPATH\Views\home\profil.php(23): CodeIgniter\Debug\Exceptions->errorHandler(2, 'Undefined array key "skill"', 'C:\\xampp\\htdocs\\profil_dina\\app\\Views\\home\\profil.php', 23)
 2 SYSTEMPATH\View\View.php(224): include('C:\\xampp\\htdocs\\profil_dina\\app\\Views\\home\\profil.php')
 3 SYSTEMPATH\View\View.php(227): CodeIgniter\View\View->CodeIgniter\View\{closure}()
 4 SYSTEMPATH\Common.php(1173): CodeIgniter\View\View->render('home/profil', [], true)
 5 APPPATH\Controllers\Home.php(22): view('home/profil', [...])
 6 SYSTEMPATH\CodeIgniter.php(933): App\Controllers\Home->profil()
 7 SYSTEMPATH\CodeIgniter.php(507): CodeIgniter\CodeIgniter->runController(Object(App\Controllers\Home))
 8 SYSTEMPATH\CodeIgniter.php(354): CodeIgniter\CodeIgniter->handleRequest(null, Object(Config\Cache), false)
 9 SYSTEMPATH\Boot.php(334): CodeIgniter\CodeIgniter->run()
10 SYSTEMPATH\Boot.php(67): CodeIgniter\Boot::runCodeIgniter(Object(CodeIgniter\CodeIgniter))
11 FCPATH\index.php(59): CodeIgniter\Boot::bootWeb(Object(Config\Paths))
CRITICAL - 2025-05-06 13:49:16 --> ErrorException: Undefined array key "skill"
[Method: GET, Route: home/profil]
in APPPATH\Views\home\profil.php on line 23.
 1 APPPATH\Views\home\profil.php(23): CodeIgniter\Debug\Exceptions->errorHandler(2, 'Undefined array key "skill"', 'C:\\xampp\\htdocs\\profil_dina\\app\\Views\\home\\profil.php', 23)
 2 SYSTEMPATH\View\View.php(224): include('C:\\xampp\\htdocs\\profil_dina\\app\\Views\\home\\profil.php')
 3 SYSTEMPATH\View\View.php(227): CodeIgniter\View\View->CodeIgniter\View\{closure}()
 4 SYSTEMPATH\Common.php(1173): CodeIgniter\View\View->render('home/profil', [], true)
 5 APPPATH\Controllers\Home.php(22): view('home/profil', [...])
 6 SYSTEMPATH\CodeIgniter.php(933): App\Controllers\Home->profil()
 7 SYSTEMPATH\CodeIgniter.php(507): CodeIgniter\CodeIgniter->runController(Object(App\Controllers\Home))
 8 SYSTEMPATH\CodeIgniter.php(354): CodeIgniter\CodeIgniter->handleRequest(null, Object(Config\Cache), false)
 9 SYSTEMPATH\Boot.php(334): CodeIgniter\CodeIgniter->run()
10 SYSTEMPATH\Boot.php(67): CodeIgniter\Boot::runCodeIgniter(Object(CodeIgniter\CodeIgniter))
11 FCPATH\index.php(59): CodeIgniter\Boot::bootWeb(Object(Config\Paths))
